[    0.000000] Linux version 4.15.0-167-generic (buildd@lcy02-amd64-045) (gcc version 7.5.0 (Ubuntu 7.5.0-3ubuntu1~18.04)) #175-Ubuntu SMP Wed Jan 5 01:56:07 UTC 2022 (Ubuntu 4.15.0-167.175-generic 4.15.18)
[    0.000000] Command line: BOOT_IMAGE=/boot/vmlinuz-4.15.0-167-generic root=LABEL=cloudimg-rootfs ro console=tty1 console=ttyS0
[    0.000000] KERNEL supported cpus:
[    0.000000]   Intel GenuineIntel
[    0.000000]   AMD AuthenticAMD
[    0.000000]   Centaur CentaurHauls
[    0.000000] x86/fpu: Supporting XSAVE feature 0x001: 'x87 floating point registers'
[    0.000000] x86/fpu: Supporting XSAVE feature 0x002: 'SSE registers'
[    0.000000] x86/fpu: Supporting XSAVE feature 0x004: 'AVX registers'
[    0.000000] x86/fpu: xstate_offset[2]:  576, xstate_sizes[2]:  256
[    0.000000] x86/fpu: Enabled xstate features 0x7, context size is 832 bytes, using 'standard' format.
[    0.000000] e820: BIOS-provided physical RAM map:
[    0.000000] BIOS-e820: [mem 0x0000000000000000-0x000000000009fbff] usable
[    0.000000] BIOS-e820: [mem 0x000000000009fc00-0x000000000009ffff] reserved
[    0.000000] BIOS-e820: [mem 0x00000000000f0000-0x00000000000fffff] reserved
[    0.000000] BIOS-e820: [mem 0x0000000000100000-0x000000003ffeffff] usable
[    0.000000] BIOS-e820: [mem 0x000000003fff0000-0x000000003fffffff] ACPI data
[    0.000000] BIOS-e820: [mem 0x00000000fec00000-0x00000000fec00fff] reserved
[    0.000000] BIOS-e820: [mem 0x00000000fee00000-0x00000000fee00fff] reserved
[    0.000000] BIOS-e820: [mem 0x00000000fffc0000-0x00000000ffffffff] reserved
[    0.000000] NX (Execute Disable) protection: active
[    0.000000] SMBIOS 2.5 present.
[    0.000000] DMI: innotek GmbH VirtualBox/VirtualBox, BIOS VirtualBox 12/01/2006
[    0.000000] Hypervisor detected: KVM
[    0.000000] e820: last_pfn = 0x3fff0 max_arch_pfn = 0x400000000
[    0.000000] MTRR: Disabled
[    0.000000] x86/PAT: MTRRs disabled, skipping PAT initialization too.
[    0.000000] CPU MTRRs all blank - virtualized system.
[    0.000000] x86/PAT: Configuration [0-7]: WB  WT  UC- UC  WB  WT  UC- UC  
[    0.000000] found SMP MP-table at [mem 0x0009fff0-0x0009ffff]
[    0.000000] Scanning 1 areas for low memory corruption
[    0.000000] RAMDISK: [mem 0x359cd000-0x36cddfff]
[    0.000000] ACPI: Early table checksum verification disabled
[    0.000000] ACPI: RSDP 0x00000000000E0000 000024 (v02 VBOX  )
[    0.000000] ACPI: XSDT 0x000000003FFF0030 00003C (v01 VBOX   VBOXXSDT 00000001 ASL  00000061)
[    0.000000] ACPI: FACP 0x000000003FFF00F0 0000F4 (v04 VBOX   VBOXFACP 00000001 ASL  00000061)
[    0.000000] ACPI: DSDT 0x000000003FFF0470 002325 (v02 VBOX   VBOXBIOS 00000002 INTL 20100528)
[    0.000000] ACPI: FACS 0x000000003FFF0200 000040
[    0.000000] ACPI: FACS 0x000000003FFF0200 000040
[    0.000000] ACPI: APIC 0x000000003FFF0240 00005C (v02 VBOX   VBOXAPIC 00000001 ASL  00000061)
[    0.000000] ACPI: SSDT 0x000000003FFF02A0 0001CC (v01 VBOX   VBOXCPUT 00000002 INTL 20100528)
[    0.000000] ACPI: Reserving FACP table memory at [mem 0x3fff00f0-0x3fff01e3]
[    0.000000] ACPI: Reserving DSDT table memory at [mem 0x3fff0470-0x3fff2794]
[    0.000000] ACPI: Reserving FACS table memory at [mem 0x3fff0200-0x3fff023f]
[    0.000000] ACPI: Reserving FACS table memory at [mem 0x3fff0200-0x3fff023f]
[    0.000000] ACPI: Reserving APIC table memory at [mem 0x3fff0240-0x3fff029b]
[    0.000000] ACPI: Reserving SSDT table memory at [mem 0x3fff02a0-0x3fff046b]
[    0.000000] No NUMA configuration found
[    0.000000] Faking a node at [mem 0x0000000000000000-0x000000003ffeffff]
[    0.000000] NODE_DATA(0) allocated [mem 0x3ffc5000-0x3ffeffff]
[    0.000000] kvm-clock: cpu 0, msr 0:3ff44001, primary cpu clock
[    0.000000] kvm-clock: Using msrs 4b564d01 and 4b564d00
[    0.000000] kvm-clock: using sched offset of 3666059408 cycles
[    0.000000] clocksource: kvm-clock: mask: 0xffffffffffffffff max_cycles: 0x1cd42e4dffb, max_idle_ns: 881590591483 ns
[    0.000000] Zone ranges:
[    0.000000]   DMA      [mem 0x0000000000001000-0x0000000000ffffff]
[    0.000000]   DMA32    [mem 0x0000000001000000-0x000000003ffeffff]
[    0.000000]   Normal   empty
[    0.000000]   Device   empty
[    0.000000] Movable zone start for each node
[    0.000000] Early memory node ranges
[    0.000000]   node   0: [mem 0x0000000000001000-0x000000000009efff]
[    0.000000]   node   0: [mem 0x0000000000100000-0x000000003ffeffff]
[    0.000000] Reserved but unavailable: 104 pages
[    0.000000] Initmem setup node 0 [mem 0x0000000000001000-0x000000003ffeffff]
[    0.000000] ACPI: PM-Timer IO Port: 0x4008
[    0.000000] IOAPIC[0]: apic_id 2, version 32, address 0xfec00000, GSI 0-23
[    0.000000] ACPI: INT_SRC_OVR (bus 0 bus_irq 0 global_irq 2 dfl dfl)
[    0.000000] ACPI: INT_SRC_OVR (bus 0 bus_irq 9 global_irq 9 low level)
[    0.000000] Using ACPI (MADT) for SMP configuration information
[    0.000000] smpboot: Allowing 2 CPUs, 0 hotplug CPUs
[    0.000000] PM: Registered nosave memory: [mem 0x00000000-0x00000fff]
[    0.000000] PM: Registered nosave memory: [mem 0x0009f000-0x0009ffff]
[    0.000000] PM: Registered nosave memory: [mem 0x000a0000-0x000effff]
[    0.000000] PM: Registered nosave memory: [mem 0x000f0000-0x000fffff]
[    0.000000] e820: [mem 0x40000000-0xfebfffff] available for PCI devices
[    0.000000] Booting paravirtualized kernel on KVM
[    0.000000] clocksource: refined-jiffies: mask: 0xffffffff max_cycles: 0xffffffff, max_idle_ns: 7645519600211568 ns
[    0.000000] random: get_random_bytes called from start_kernel+0x99/0x500 with crng_init=0
[    0.000000] setup_percpu: NR_CPUS:8192 nr_cpumask_bits:2 nr_cpu_ids:2 nr_node_ids:1
[    0.000000] percpu: Embedded 50 pages/cpu s167936 r8192 d28672 u1048576
[    0.000000] PV qspinlock hash table entries: 256 (order: 0, 4096 bytes)
[    0.000000] Built 1 zonelists, mobility grouping on.  Total pages: 257913
[    0.000000] Policy zone: DMA32
[    0.000000] Kernel command line: BOOT_IMAGE=/boot/vmlinuz-4.15.0-167-generic root=LABEL=cloudimg-rootfs ro console=tty1 console=ttyS0
[    0.000000] Memory: 982644K/1048120K available (12300K kernel code, 2483K rwdata, 4324K rodata, 2476K init, 2724K bss, 65476K reserved, 0K cma-reserved)
[    0.000000] SLUB: HWalign=64, Order=0-3, MinObjects=0, CPUs=2, Nodes=1
[    0.000000] Kernel/User page tables isolation: enabled
[    0.000000] ftrace: allocating 39494 entries in 155 pages
[    0.004000] Hierarchical RCU implementation.
[    0.004000] 	RCU restricting CPUs from NR_CPUS=8192 to nr_cpu_ids=2.
[    0.004000] 	Tasks RCU enabled.
[    0.004000] RCU: Adjusting geometry for rcu_fanout_leaf=16, nr_cpu_ids=2
[    0.004000] NR_IRQS: 524544, nr_irqs: 440, preallocated irqs: 16
[    0.004000] Console: colour VGA+ 80x25
[    0.004000] console [tty1] enabled
[    0.004000] console [ttyS0] enabled
[    0.004000] ACPI: Core revision 20170831
[    0.004000] ACPI: 2 ACPI AML tables successfully acquired and loaded
[    0.004000] APIC: Switch to symmetric I/O mode setup
[    0.004000] x2apic enabled
[    0.004000] Switched APIC routing to physical x2apic.
[    0.004000] ..TIMER: vector=0x30 apic1=0 pin1=2 apic2=-1 pin2=-1
[    0.004004] tsc: Detected 2495.998 MHz processor
[    0.005014] Calibrating delay loop (skipped) preset value.. 4991.99 BogoMIPS (lpj=9983992)
[    0.008002] pid_max: default: 32768 minimum: 301
[    0.009044] Security Framework initialized
[    0.010004] Yama: becoming mindful.
[    0.010833] AppArmor: AppArmor initialized
[    0.015229] Dentry cache hash table entries: 131072 (order: 8, 1048576 bytes)
[    0.016057] Inode-cache hash table entries: 65536 (order: 7, 524288 bytes)
[    0.017515] Mount-cache hash table entries: 2048 (order: 2, 16384 bytes)
[    0.018870] Mountpoint-cache hash table entries: 2048 (order: 2, 16384 bytes)
[    0.020279] Last level iTLB entries: 4KB 128, 2MB 8, 4MB 8
[    0.021418] Last level dTLB entries: 4KB 64, 2MB 0, 4MB 0, 1GB 4
[    0.024002] Spectre V1 : Mitigation: usercopy/swapgs barriers and __user pointer sanitization
[    0.025818] Spectre V2 : Mitigation: Full generic retpoline
[    0.028001] Spectre V2 : Spectre v2 / SpectreRSB mitigation: Filling RSB on context switch
[    0.029862] Speculative Store Bypass: Vulnerable
[    0.030902] SRBDS: Unknown: Dependent on hypervisor status
[    0.032000] MDS: Mitigation: Clear CPU buffers
[    0.032201] Freeing SMP alternatives memory: 36K
[    0.144692] smpboot: CPU0: Intel(R) Core(TM) i5-7300HQ CPU @ 2.50GHz (family: 0x6, model: 0x9e, stepping: 0x9)
[    0.146875] Performance Events: unsupported p6 CPU model 158 no PMU driver, software events only.
[    0.148000] Hierarchical SRCU implementation.
[    0.148554] NMI watchdog: Perf event create on CPU 0 failed with -2
[    0.149916] NMI watchdog: Perf NMI watchdog permanently disabled
[    0.152049] smp: Bringing up secondary CPUs ...
[    0.153123] x86: Booting SMP configuration:
[    0.154073] .... node  #0, CPUs:      #1
[    0.004000] kvm-clock: cpu 1, msr 0:3ff44041, secondary cpu clock
[    0.158574] smp: Brought up 1 node, 2 CPUs
[    0.158574] smpboot: Max logical packages: 1
[    0.160005] smpboot: Total of 2 processors activated (9983.99 BogoMIPS)
[    0.161619] devtmpfs: initialized
[    0.161619] x86/mm: Memory block size: 128MB
[    0.164199] evm: security.selinux
[    0.164962] evm: security.SMACK64
[    0.165785] evm: security.SMACK64EXEC
[    0.166677] evm: security.SMACK64TRANSMUTE
[    0.167603] evm: security.SMACK64MMAP
[    0.168003] evm: security.apparmor
[    0.168909] evm: security.ima
[    0.169654] evm: security.capability
[    0.170609] clocksource: jiffies: mask: 0xffffffff max_cycles: 0xffffffff, max_idle_ns: 7645041785100000 ns
[    0.172012] futex hash table entries: 512 (order: 3, 32768 bytes)
[    0.173519] pinctrl core: initialized pinctrl subsystem
[    0.180076] RTC time: 18:27:12, date: 02/07/22
[    0.181384] NET: Registered protocol family 16
[    0.182505] audit: initializing netlink subsys (disabled)
[    0.183766] audit: type=2000 audit(1644258436.936:1): state=initialized audit_enabled=0 res=1
[    0.184018] cpuidle: using governor ladder
[    0.184924] cpuidle: using governor menu
[    0.188042] ACPI: bus type PCI registered
[    0.189692] acpiphp: ACPI Hot Plug PCI Controller Driver version: 0.5
[    0.191299] PCI: Using configuration type 1 for base access
[    0.193123] HugeTLB registered 2.00 MiB page size, pre-allocated 0 pages
[    0.196069] ACPI: Added _OSI(Module Device)
[    0.197005] ACPI: Added _OSI(Processor Device)
[    0.197978] ACPI: Added _OSI(3.0 _SCP Extensions)
[    0.199253] ACPI: Added _OSI(Processor Aggregator Device)
[    0.200005] ACPI: Added _OSI(Linux-Dell-Video)
[    0.201028] ACPI: Added _OSI(Linux-Lenovo-NV-HDMI-Audio)
[    0.202364] ACPI: Added _OSI(Linux-HPI-Hybrid-Graphics)
[    0.204294] ACPI: Executed 1 blocks of module-level executable AML code
[    0.210820] ACPI: Interpreter enabled
[    0.211812] ACPI: (supports S0 S5)
[    0.212003] ACPI: Using IOAPIC for interrupt routing
[    0.213402] PCI: Using host bridge windows from ACPI; if necessary, use "pci=nocrs" and report a bug
[    0.216098] ACPI: Enabled 2 GPEs in block 00 to 07
[    0.224689] ACPI: PCI Root Bridge [PCI0] (domain 0000 [bus 00-ff])
[    0.226102] acpi PNP0A03:00: _OSC: OS supports [ASPM ClockPM Segments MSI]
[    0.228292] acpi PNP0A03:00: _OSC: not requesting OS control; OS requires [ExtendedConfig ASPM ClockPM MSI]
[    0.230645] acpi PNP0A03:00: fail to add MMCONFIG information, can't access extended PCI configuration space under this bridge.
[    0.232465] PCI host bridge to bus 0000:00
[    0.233426] pci_bus 0000:00: root bus resource [io  0x0000-0x0cf7 window]
[    0.236003] pci_bus 0000:00: root bus resource [io  0x0d00-0xffff window]
[    0.237421] pci_bus 0000:00: root bus resource [mem 0x000a0000-0x000bffff window]
[    0.240003] pci_bus 0000:00: root bus resource [mem 0x40000000-0xfdffffff window]
[    0.241907] pci_bus 0000:00: root bus resource [bus 00-ff]
[    0.246460] pci 0000:00:01.1: legacy IDE quirk: reg 0x10: [io  0x01f0-0x01f7]
[    0.248003] pci 0000:00:01.1: legacy IDE quirk: reg 0x14: [io  0x03f6]
[    0.249401] pci 0000:00:01.1: legacy IDE quirk: reg 0x18: [io  0x0170-0x0177]
[    0.250911] pci 0000:00:01.1: legacy IDE quirk: reg 0x1c: [io  0x0376]
[    0.267341] pci 0000:00:07.0: quirk: [io  0x4000-0x403f] claimed by PIIX4 ACPI
[    0.268017] pci 0000:00:07.0: quirk: [io  0x4100-0x410f] claimed by PIIX4 SMB
[    0.282244] ACPI: PCI Interrupt Link [LNKA] (IRQs 5 9 10 *11)
[    0.284094] ACPI: PCI Interrupt Link [LNKB] (IRQs 5 9 *10 11)
[    0.285626] ACPI: PCI Interrupt Link [LNKC] (IRQs 5 *9 10 11)
[    0.287077] ACPI: PCI Interrupt Link [LNKD] (IRQs 5 9 10 *11)
[    0.288384] SCSI subsystem initialized
[    0.289352] pci 0000:00:02.0: vgaarb: setting as boot VGA device
[    0.289425] pci 0000:00:02.0: vgaarb: VGA device added: decodes=io+mem,owns=io+mem,locks=none
[    0.292006] pci 0000:00:02.0: vgaarb: bridge control possible
[    0.293291] vgaarb: loaded
[    0.294093] ACPI: bus type USB registered
[    0.296023] usbcore: registered new interface driver usbfs
[    0.297455] usbcore: registered new interface driver hub
[    0.298618] usbcore: registered new device driver usb
[    0.299843] EDAC MC: Ver: 3.0.0
[    0.300261] PCI: Using ACPI for IRQ routing
[    0.301366] NetLabel: Initializing
[    0.302147] NetLabel:  domain hash size = 128
[    0.304002] NetLabel:  protocols = UNLABELED CIPSOv4 CALIPSO
[    0.305263] NetLabel:  unlabeled traffic allowed by default
[    0.306479] clocksource: Switched to clocksource kvm-clock
[    0.323006] VFS: Disk quotas dquot_6.6.0
[    0.324019] VFS: Dquot-cache hash table entries: 512 (order 0, 4096 bytes)
[    0.325547] AppArmor: AppArmor Filesystem Enabled
[    0.326654] pnp: PnP ACPI init
[    0.328679] pnp: PnP ACPI: found 3 devices
[    0.339121] clocksource: acpi_pm: mask: 0xffffff max_cycles: 0xffffff, max_idle_ns: 2085701024 ns
[    0.341281] NET: Registered protocol family 2
[    0.342276] IP idents hash table entries: 16384 (order: 5, 131072 bytes)
[    0.346857] TCP established hash table entries: 8192 (order: 4, 65536 bytes)
[    0.348492] TCP bind hash table entries: 8192 (order: 5, 131072 bytes)
[    0.349915] TCP: Hash tables configured (established 8192 bind 8192)
[    0.351338] UDP hash table entries: 512 (order: 2, 16384 bytes)
[    0.352630] UDP-Lite hash table entries: 512 (order: 2, 16384 bytes)
[    0.354282] NET: Registered protocol family 1
[    0.355232] pci 0000:00:00.0: Limiting direct PCI/PCI transfers
[    0.356501] pci 0000:00:01.0: Activating ISA DMA hang workarounds
[    0.357971] pci 0000:00:02.0: Video device with shadowed ROM at [mem 0x000c0000-0x000dffff]
[    0.359913] Unpacking initramfs...
[    0.699141] Freeing initrd memory: 19524K
[    0.700032] clocksource: tsc: mask: 0xffffffffffffffff max_cycles: 0x23fa754787d, max_idle_ns: 440795210092 ns
[    0.702339] platform rtc_cmos: registered platform RTC device (no PNP device found)
[    0.703981] Scanning for low memory corruption every 60 seconds
[    0.706142] Initialise system trusted keyrings
[    0.707344] Key type blacklist registered
[    0.708416] workingset: timestamp_bits=36 max_order=18 bucket_order=0
[    0.710883] zbud: loaded
[    0.711939] squashfs: version 4.0 (2009/01/31) Phillip Lougher
[    0.713413] fuse init (API version 7.26)
[    0.716038] Key type asymmetric registered
[    0.717037] Asymmetric key parser 'x509' registered
[    0.718141] Block layer SCSI generic (bsg) driver version 0.4 loaded (major 246)
[    0.719749] io scheduler noop registered
[    0.720708] io scheduler deadline registered
[    0.721676] io scheduler cfq registered (default)
[    0.722991] ACPI: AC Adapter [AC] (on-line)
[    0.723952] input: Power Button as /devices/LNXSYSTM:00/LNXPWRBN:00/input/input0
[    0.725642] ACPI: Power Button [PWRF]
[    0.726569] input: Sleep Button as /devices/LNXSYSTM:00/LNXSLPBN:00/input/input1
[    0.728241] ACPI: Sleep Button [SLPF]
[    0.730349] ACPI: Battery Slot [BAT0] (battery present)
[    0.731733] Serial: 8250/16550 driver, 32 ports, IRQ sharing enabled
[    0.754127] 00:02: ttyS0 at I/O 0x3f8 (irq = 4, base_baud = 115200) is a 16550A
[    0.759666] Linux agpgart interface v0.103
[    0.762010] loop: module loaded
[    0.763271] scsi host0: ata_piix
[    0.764184] scsi host1: ata_piix
[    0.764998] ata1: PATA max UDMA/33 cmd 0x1f0 ctl 0x3f6 bmdma 0xd000 irq 14
[    0.766471] ata2: PATA max UDMA/33 cmd 0x170 ctl 0x376 bmdma 0xd008 irq 15
[    0.768167] libphy: Fixed MDIO Bus: probed
[    0.769123] tun: Universal TUN/TAP device driver, 1.6
[    0.770408] PPP generic driver version 2.4.2
[    0.771527] ehci_hcd: USB 2.0 'Enhanced' Host Controller (EHCI) Driver
[    0.773199] ehci-pci: EHCI PCI platform driver
[    0.774410] ehci-platform: EHCI generic platform driver
[    0.775547] ohci_hcd: USB 1.1 'Open' Host Controller (OHCI) Driver
[    0.777006] ohci-pci: OHCI PCI platform driver
[    0.778018] ohci-platform: OHCI generic platform driver
[    0.779198] uhci_hcd: USB Universal Host Controller Interface driver
[    0.780850] i8042: PNP: PS/2 Controller [PNP0303:PS2K,PNP0f03:PS2M] at 0x60,0x64 irq 1,12
[    0.783137] serio: i8042 KBD port at 0x60,0x64 irq 1
[    0.784428] serio: i8042 AUX port at 0x60,0x64 irq 12
[    0.785811] mousedev: PS/2 mouse device common for all mice
[    0.787860] rtc_cmos rtc_cmos: rtc core: registered rtc_cmos as rtc0
[    0.789474] input: AT Translated Set 2 keyboard as /devices/platform/i8042/serio0/input/input2
[    0.791467] rtc_cmos rtc_cmos: alarms up to one day, 114 bytes nvram
[    0.793035] i2c /dev entries driver
[    0.793946] device-mapper: uevent: version 1.0.3
[    0.795176] device-mapper: ioctl: 4.37.0-ioctl (2017-09-20) initialised: dm-devel@redhat.com
[    0.797196] ledtrig-cpu: registered to indicate activity on CPUs
[    0.798900] NET: Registered protocol family 10
[    0.804207] Segment Routing with IPv6
[    0.805212] NET: Registered protocol family 17
[    0.806538] Key type dns_resolver registered
[    0.807770] mce: Using 0 MCE banks
[    0.808593] RAS: Correctable Errors collector initialized.
[    0.809783] sched_clock: Marking stable (808571323, 0)->(1026427045, -217855722)
[    0.811763] registered taskstats version 1
[    0.812771] Loading compiled-in X.509 certificates
[    0.815817] Loaded X.509 cert 'Build time autogenerated kernel key: 51c91b167e8daada285dd448a981da05683ebd03'
[    0.818424] Loaded X.509 cert 'Canonical Ltd. Live Patch Signing: 14df34d1a87cf37625abec039ef2bf521249b969'
[    0.820991] Loaded X.509 cert 'Canonical Ltd. Kernel Module Signing: 88f752e560a1e0737e31163a466ad7b70a850c19'
[    0.823118] blacklist: Loading compiled-in revocation X.509 certificates
[    0.824625] Loaded X.509 cert 'Canonical Ltd. Secure Boot Signing: 61482aa2830d0ab2ad5af10b7250da9033ddcef0'
[    0.826732] zswap: loaded using pool lzo/zbud
[    0.830765] Key type big_key registered
[    0.831635] Key type trusted registered
[    0.833826] Key type encrypted registered
[    0.834760] AppArmor: AppArmor sha1 policy hashing enabled
[    0.835923] ima: No TPM chip found, activating TPM-bypass! (rc=-19)
[    0.837373] ima: Allocated hash algorithm: sha1
[    0.838449] evm: HMAC attrs: 0x1
[    0.839498]   Magic number: 10:336:493
[    0.840494] rtc_cmos rtc_cmos: setting system clock to 2022-02-07 18:27:12 UTC (1644258432)
[    0.842391] BIOS EDD facility v0.16 2004-Jun-25, 0 devices found
[    0.843633] EDD information not available.
[    0.955662] Freeing unused kernel image memory: 2476K
[    0.968666] Write protecting the kernel read-only data: 20480k
[    0.970686] Freeing unused kernel image memory: 2008K
[    0.972171] Freeing unused kernel image memory: 1820K
[    0.981572] x86/mm: Checked W+X mappings: passed, no W+X pages found.
[    0.982898] x86/mm: Checking user space page tables
[    0.991815] x86/mm: Checked W+X mappings: passed, no W+X pages found.
Loading, please wait...
starting version 237
[    1.067455] e1000: Intel(R) PRO/1000 Network Driver - version 7.3.21-k8-NAPI
[    1.069136] e1000: Copyright (c) 1999-2006 Intel Corporation.
[    1.073432] Fusion MPT base driver 3.04.20
[    1.074397] Copyright (c) 1999-2008 LSI Corporation
[    1.079414] Fusion MPT SPI Host driver 3.04.20
[    1.088256] AVX2 version of gcm_enc/dec engaged.
[    1.089346] AES CTR mode by8 optimization enabled
[    1.277740] input: ImExPS/2 Generic Explorer Mouse as /devices/platform/i8042/serio1/input/input4
[    1.485924] e1000 0000:00:03.0 eth0: (PCI:33MHz:32-bit) 02:e8:64:37:14:18
[    1.487457] e1000 0000:00:03.0 eth0: Intel(R) PRO/1000 Network Connection
[    1.490054] mptbase: ioc0: Initiating bringup
[    1.584853] ioc0: LSI53C1030 A0: Capabilities={Initiator}
[    1.839875] scsi host2: ioc0: LSI53C1030 A0, FwRev=00000000h, Ports=1, MaxQ=256, IRQ=20
[    2.008602] scsi 2:0:0:0: Direct-Access     VBOX     HARDDISK         1.0  PQ: 0 ANSI: 5
[    2.052082] scsi target2:0:0: Beginning Domain Validation
[    2.055082] scsi target2:0:0: Domain Validation skipping write tests
[    2.056602] scsi target2:0:0: Ending Domain Validation
[    2.057952] scsi target2:0:0: asynchronous
[    2.059689] scsi 2:0:1:0: Direct-Access     VBOX     HARDDISK         1.0  PQ: 0 ANSI: 5
[    2.388442] scsi target2:0:1: Beginning Domain Validation
[    2.391471] random: fast init done
[    2.392887] scsi target2:0:1: Domain Validation skipping write tests
[    2.394252] scsi target2:0:1: Ending Domain Validation
[    2.395539] scsi target2:0:1: asynchronous
[    2.402121] random: systemd-udevd: uninitialized urandom read (16 bytes read)
[    2.403878] random: systemd-udevd: uninitialized urandom read (16 bytes read)
[    2.408246] sd 2:0:0:0: Attached scsi generic sg0 type 0
[    2.409790] sd 2:0:1:0: Attached scsi generic sg1 type 0
[    2.411132] random: systemd-udevd: uninitialized urandom read (16 bytes read)
[    2.413064] sd 2:0:1:0: [sdb] 20480 512-byte logical blocks: (10.5 MB/10.0 MiB)
[    2.415411] sd 2:0:1:0: [sdb] Write Protect is off
[    2.416104] e1000 0000:00:08.0 eth1: (PCI:33MHz:32-bit) 08:00:27:56:ff:ef
[    2.418080] e1000 0000:00:08.0 eth1: Intel(R) PRO/1000 Network Connection
[    2.418393] sd 2:0:1:0: [sdb] Incomplete mode parameter data
[    2.421170] sd 2:0:1:0: [sdb] Assuming drive cache: write through
[    2.422665] sd 2:0:0:0: [sda] 83886080 512-byte logical blocks: (42.9 GB/40.0 GiB)
[    2.423441] e1000 0000:00:08.0 enp0s8: renamed from eth1
[    2.424501] sd 2:0:0:0: [sda] Write Protect is off
[    2.426013] sd 2:0:0:0: [sda] Incomplete mode parameter data
[    2.428305] sd 2:0:0:0: [sda] Assuming drive cache: write through
[    2.432755]  sda: sda1
[    2.435000] sd 2:0:0:0: [sda] Attached SCSI disk
[    2.436835] sd 2:0:1:0: [sdb] Attached SCSI disk
[    2.437070] e1000 0000:00:03.0 enp0s3: renamed from eth0
Begin: Loading essential drivers ... [    4.064103] raid6: sse2x1   gen() 11229 MB/s
[    4.112059] raid6: sse2x1   xor()  8177 MB/s
[    4.160109] raid6: sse2x2   gen() 14091 MB/s
[    4.208059] raid6: sse2x2   xor()  9505 MB/s
[    4.256076] raid6: sse2x4   gen() 16065 MB/s
[    4.304070] raid6: sse2x4   xor()  9895 MB/s
[    4.352075] raid6: avx2x1   gen() 22981 MB/s
[    4.400058] raid6: avx2x1   xor() 15397 MB/s
[    4.448074] raid6: avx2x2   gen() 28933 MB/s
[    4.496059] raid6: avx2x2   xor() 17378 MB/s
[    4.544072] raid6: avx2x4   gen() 31781 MB/s
[    4.592086] raid6: avx2x4   xor() 18281 MB/s
[    4.593094] raid6: using algorithm avx2x4 gen() 31781 MB/s
[    4.594197] raid6: .... xor() 18281 MB/s, rmw enabled
[    4.595360] raid6: using avx2x2 recovery algorithm
[    4.597405] xor: automatically using best checksumming function   avx       
[    4.599679] async_tx: api initialized (async)
done.
Begin: Running /scripts/init-premount ... done.
Begin: Mounting root file system ... Begin: Running /scripts/local-top ... done.
Begin: Running /scripts/local-premount ... [    4.646010] Btrfs loaded, crc32c=crc32c-intel
Scanning for Btrfs filesystems
done.
Warning: fsck not present, so skipping root file system
[    4.682000] EXT4-fs (sda1): mounted filesystem with ordered data mode. Opts: (null)
done.
Begin: Running /scripts/local-bottom ... done.
Begin: Running /scripts/init-bottom ... done.
[    4.851484] ip_tables: (C) 2000-2006 Netfilter Core Team
[    4.864628] systemd[1]: systemd 237 running in system mode. (+PAM +AUDIT +SELINUX +IMA +APPARMOR +SMACK +SYSVINIT +UTMP +LIBCRYPTSETUP +GCRYPT +GNUTLS +ACL +XZ +LZ4 +SECCOMP +BLKID +ELFUTILS +KMOD -IDN2 +IDN -PCRE2 default-hierarchy=hybrid)
[    4.869130] systemd[1]: Detected virtualization oracle.
[    4.870313] systemd[1]: Detected architecture x86-64.

Welcome to [1mUbuntu 18.04.6 LTS[0m!

[    4.880444] systemd[1]: Set hostname to <ubuntu>.
[    4.886501] systemd[1]: Initializing machine ID from random generator.
[    4.887975] systemd[1]: Installed transient /etc/machine-id file.
[    5.162504] systemd[1]: Set up automount Arbitrary Executable File Formats File System Automount Point.
[[0;32m  OK  [0m] Set up automount Arbitrary Executab…rmats File System Automount Point.
[    5.165755] systemd[1]: Reached target Swap.
[[0;32m  OK  [0m] Reached target Swap.
[    5.168957] systemd[1]: Created slice System Slice.
[[0;32m  OK  [0m] Created slice System Slice.
[    5.170834] systemd[1]: Listening on udev Kernel Socket.
[[0;32m  OK  [0m] Listening on udev Kernel Socket.
[[0;32m  OK  [0m] Listening on Journal Socket (/dev/log).
[[0;32m  OK  [0m] Listening on Journal Socket.
         Starting Load Kernel Modules...
         Mounting Kernel Debug File System...
         Mounting POSIX Message Queue File System...
[    5.207569] Loading iSCSI transport class v2.0-870.
         Mounting Huge Pages File System...
         Starting Create list of required st…ce nodes for the current kernel...
[[0;32m  OK  [0m] Reached target User and Group Name Lookups.
[[0;32m  OK  [0m] Listening on Device-mapper event daemon FIFOs.
[[0;32m  OK  [0m] Listening on fsck to fsckd communication Socket.
         Starting File System Check on Root Device...
[[0;32m  OK  [0m] Reached target System Time Synchronized.
[    5.221366] iscsi: registered transport (tcp)
[[0;32m  OK  [0m] Listening on LVM2 metadata daemon socket.
[[0;32m  OK  [0m] Listening on /dev/initctl Compatibility Named Pipe.
[[0;32m  OK  [0m] Listening on LVM2 poll daemon socket.
[[0;32m  OK  [0m] Created slice User and Session Slice.
         Starting Monitoring of LVM2 mirrors…ng dmeventd or progress polling...
[    5.243045] iscsi: registered transport (iser)
[[0;32m  OK  [0m] Reached target Slices.
[[0;32m  OK  [0m] Listening on Network Service Netlink Socket.
[[0;32m  OK  [0m] Listening on Syslog Socket.
         Starting Set the console keyboard layout...
[[0;32m  OK  [0m] Created slice system-serial\x2dgetty.slice.
[[0;32m  OK  [0m] Listening on Journal Audit Socket.
         Starting Journal Service...
         Starting Uncomplicated firewall...
[[0;32m  OK  [0m] Started Forward Password Requests to Wall Directory Watch.
[[0;32m  OK  [0m] Listening on udev Control Socket.
         Starting udev Coldplug all Devices...
[[0;32m  OK  [0m] Started Journal Service.
[[0;32m  OK  [0m] Started Load Kernel Modules.
[[0;32m  OK  [0m] Mounted Kernel Debug File System.
[[0;32m  OK  [0m] Mounted POSIX Message Queue File System.
[[0;32m  OK  [0m] Mounted Huge Pages File System.
[[0;32m  OK  [0m] Started Create list of required sta…vice nodes for the current kernel.
[[0;32m  OK  [0m] Started File System Check on Root Device.
[[0;32m  OK  [0m] Started Uncomplicated firewall.
[[0;32m  OK  [0m] Started LVM2 metadata daemon.
[[0;32m  OK  [0m] Started File System Check Daemon to report status.
         Starting Remount Root and Kernel File Systems...
         Starting Create Static Device Nodes in /dev...
         Starting Apply Kernel Variables...
         Mounting FUSE Control File System...
         Mounting Kernel Configuration File System...
[[0;32m  OK  [0m] Mounted FUSE Control File System.
[[0;32m  OK  [0m] Mounted Kernel Configuration File System.
[[0;32m  OK  [0m] Started Monitoring of LVM2 mirrors,…sing dmeventd or progress polling.
[[0;32m  OK  [0m] Started udev Coldplug all Devices.
[[0;32m  OK  [0m] Started Remount Root and Kernel File Systems.
         Starting Load/Save Random Seed...
         Starting Flush Journal to Persistent Storage...
[[0;32m  OK  [0m] Started Create Static Device Nodes in /dev.
[[0;32m  OK  [0m] Started Apply Kernel Variables.
[[0;32m  OK  [0m] Started Load/Save Random Seed.
         Starting udev Kernel Device Manager...
[[0;32m  OK  [0m] Started udev Kernel Device Manager.
[[0;32m  OK  [0m] Started Flush Journal to Persistent Storage.
[[0;32m  OK  [0m] Found device /dev/ttyS0.
[[0;32m  OK  [0m] Listening on Load/Save RF Kill Switch Status /dev/rfkill Watch.
[[0;32m  OK  [0m] Started Set the console keyboard layout.
[[0;32m  OK  [0m] Started Dispatch Password Requests to Console Directory Watch.
[[0;32m  OK  [0m] Reached target Local Encrypted Volumes.
[[0;32m  OK  [0m] Reached target Local File Systems (Pre).
[[0;32m  OK  [0m] Reached target Local File Systems.
         Starting Set console font and keymap...
         Starting Create Volatile Files and Directories...
         Starting Commit a transient machine-id on disk...
         Starting ebtables ruleset management...
         Starting AppArmor initialization...
         Starting Tell Plymouth To Write Out Runtime Data...
[[0;32m  OK  [0m] Started Set console font and keymap.
[[0;32m  OK  [0m] Started Tell Plymouth To Write Out Runtime Data.
[[0;32m  OK  [0m] Started Create Volatile Files and Directories.
         Starting Update UTMP about System Boot/Shutdown...
[[0;32m  OK  [0m] Started Update UTMP about System Boot/Shutdown.
[[0;32m  OK  [0m] Started Commit a transient machine-id on disk.
[[0;32m  OK  [0m] Started ebtables ruleset management.
[[0;32m  OK  [0m] Started AppArmor initialization.
         Starting Load AppArmor profiles managed internally by snapd...
         Starting Initial cloud-init job (pre-networking)...
[[0;32m  OK  [0m] Started Load AppArmor profiles managed internally by snapd.
[    9.729118] cloud-init[703]: Cloud-init v. 21.4-0ubuntu1~18.04.1 running 'init-local' at Mon, 07 Feb 2022 18:27:20 +0000. Up 9.26 seconds.
[[0;32m  OK  [0m] Started Initial cloud-init job (pre-networking).
[[0;32m  OK  [0m] Reached target Network (Pre).
         Starting Network Service...
[[0;32m  OK  [0m] Started Network Service.
         Starting Network Name Resolution...
         Starting Wait for Network to be Configured...
[[0;32m  OK  [0m] Started Network Name Resolution.
[[0;32m  OK  [0m] Reached target Network.
[[0;32m  OK  [0m] Reached target Host and Network Name Lookups.
[[0;32m  OK  [0m] Started Wait for Network to be Configured.
         Starting Initial cloud-init job (metadata service crawler)...
[   12.517023] cloud-init[793]: Cloud-init v. 21.4-0ubuntu1~18.04.1 running 'init' at Mon, 07 Feb 2022 18:27:23 +0000. Up 12.27 seconds.
[   12.518755] cloud-init[793]: ci-info: ++++++++++++++++++++++++++++++++++++++Net device info+++++++++++++++++++++++++++++++++++++++
[   12.520754] cloud-init[793]: ci-info: +--------+-------+----------------------------+---------------+--------+-------------------+
[   12.522493] cloud-init[793]: ci-info: | Device |   Up  |          Address           |      Mask     | Scope  |     Hw-Address    |
[   12.524640] cloud-init[793]: ci-info: +--------+-------+----------------------------+---------------+--------+-------------------+
[   12.526832] cloud-init[793]: ci-info: | enp0s3 |  True |         10.0.2.15          | 255.255.255.0 | global | 02:e8:64:37:14:18 |
[   12.528421] cloud-init[793]: ci-info: | enp0s3 |  True | fe80::e8:64ff:fe37:1418/64 |       .       |  link  | 02:e8:64:37:14:18 |
[   12.529793] cloud-init[793]: ci-info: | enp0s8 | False |             .              |       .       |   .    | 08:00:27:56:ff:ef |
[   12.531177] cloud-init[793]: ci-info: |   lo   |  True |         127.0.0.1          |   255.0.0.0   |  host  |         .         |
[   12.532481] cloud-init[793]: ci-info: |   lo   |  True |          ::1/128           |       .       |  host  |         .         |
[   12.533701] cloud-init[793]: ci-info: +--------+-------+----------------------------+---------------+--------+-------------------+
[   12.534990] cloud-init[793]: ci-info: ++++++++++++++++++++++++++++Route IPv4 info+++++++++++++++++++++++++++++
[   12.552244] cloud-init[793]: ci-info: +-------+-------------+----------+-----------------+-----------+-------+
[   12.553586] cloud-init[793]: ci-info: | Route | Destination | Gateway  |     Genmask     | Interface | Flags |
[   12.555076] cloud-init[793]: ci-info: +-------+-------------+----------+-----------------+-----------+-------+
[   12.556623] cloud-init[793]: ci-info: |   0   |   0.0.0.0   | 10.0.2.2 |     0.0.0.0     |   enp0s3  |   UG  |
[   12.558310] cloud-init[793]: ci-info: |   1   |   10.0.2.0  | 0.0.0.0  |  255.255.255.0  |   enp0s3  |   U   |
[   12.559795] cloud-init[793]: ci-info: |   2   |   10.0.2.2  | 0.0.0.0  | 255.255.255.255 |   enp0s3  |   UH  |
[   12.561446] cloud-init[793]: ci-info: +-------+-------------+----------+-----------------+-----------+-------+
[   12.563051] cloud-init[793]: ci-info: +++++++++++++++++++Route IPv6 info+++++++++++++++++++
[   12.564365] cloud-init[793]: ci-info: +-------+-------------+---------+-----------+-------+
[   12.565522] cloud-init[793]: ci-info: | Route | Destination | Gateway | Interface | Flags |
[   12.566832] cloud-init[793]: ci-info: +-------+-------------+---------+-----------+-------+
[   12.568183] cloud-init[793]: ci-info: |   1   |  fe80::/64  |    ::   |   enp0s3  |   U   |
[   12.571925] cloud-init[793]: ci-info: |   3   |    local    |    ::   |   enp0s3  |   U   |
[   12.577723] cloud-init[793]: ci-info: |   4   |   ff00::/8  |    ::   |   enp0s3  |   U   |
[   12.579407] cloud-init[793]: ci-info: +-------+-------------+---------+-----------+-------+
[   13.180541] cloud-init[793]: Generating public/private rsa key pair.
[   13.181586] cloud-init[793]: Your identification has been saved in /etc/ssh/ssh_host_rsa_key.
[   13.182948] cloud-init[793]: Your public key has been saved in /etc/ssh/ssh_host_rsa_key.pub.
[   13.184788] cloud-init[793]: The key fingerprint is:
[   13.185740] cloud-init[793]: SHA256:20KmNJI+xHmWBYPBDKCFww8uoUKkJ4ZI+XqnqFPbca4 root@ubuntu-bionic
[   13.187384] cloud-init[793]: The key's randomart image is:
[   13.188422] cloud-init[793]: +---[RSA 2048]----+
[   13.189369] cloud-init[793]: |+=++.oo          |
[   13.190303] cloud-init[793]: |X*  +  o         |
[   13.191194] cloud-init[793]: |X+=     .        |
[   13.192450] cloud-init[793]: |=+ + o o         |
[   13.193161] cloud-init[793]: |o . * * S        |
[   13.193800] cloud-init[793]: | ..+.*.= o       |
[   13.194641] cloud-init[793]: | .oo=+. o .      |
[   13.195637] cloud-init[793]: |.......  .       |
[   13.196697] cloud-init[793]: |o.  E.           |
[   13.199368] cloud-init[793]: +----[SHA256]-----+
[   13.200226] cloud-init[793]: Generating public/private dsa key pair.
[   13.201830] cloud-init[793]: Your identification has been saved in /etc/ssh/ssh_host_dsa_key.
[   13.203178] cloud-init[793]: Your public key has been saved in /etc/ssh/ssh_host_dsa_key.pub.
[   13.204438] cloud-init[793]: The key fingerprint is:
[   13.205301] cloud-init[793]: SHA256:xAxhMmD3NAGdAs9Ou+7SKBKAP4JZpIBE3K0iS+3ytFw root@ubuntu-bionic
[   13.206670] cloud-init[793]: The key's randomart image is:
[   13.207558] cloud-init[793]: +---[DSA 1024]----+
[   13.208437] cloud-init[793]: |=o=o*oB+         |
[   13.209270] cloud-init[793]: |oo.=.Bo=         |
[   13.210096] cloud-init[793]: |oo. =.. +        |
[   13.210917] cloud-init[793]: |=o.= . .         |
[   13.220245] cloud-init[793]: |==o o   S        |
[   13.221039] cloud-init[793]: |*.oo E           |
[   13.222800] cloud-init[793]: | o=++            |
[   13.223626] cloud-init[793]: |o o=.            |
[   13.224433] cloud-init[793]: |.. oo            |
[   13.225250] cloud-init[793]: +----[SHA256]-----+
[   13.226048] cloud-init[793]: Generating public/private ecdsa key pair.
[   13.227070] cloud-init[793]: Your identification has been saved in /etc/ssh/ssh_host_ecdsa_key.
[   13.228350] cloud-init[793]: Your public key has been saved in /etc/ssh/ssh_host_ecdsa_key.pub.
[   13.229659] cloud-init[793]: The key fingerprint is:
[   13.230519] cloud-init[793]: SHA256:M2NjWBdBfDDHJEh4c6y1wkoawAciEBEzqOGNxXm3hs8 root@ubuntu-bionic
[   13.232336] cloud-init[793]: The key's randomart image is:
[   13.233454] cloud-init[793]: +---[ECDSA 256]---+
[   13.234298] cloud-init[793]: |%=o..  o.=B=o    |
[   13.235171] cloud-init[793]: |++o+....+ ==o    |
[   13.236623] cloud-init[793]: |o.+o. ooo=.o     |
[   13.237509] cloud-init[793]: |.o ....=+..      |
[   13.238348] cloud-init[793]: |     +=.S.       |
[   13.239270] cloud-init[793]: |    . .E =       |
[   13.240246] cloud-init[793]: |                 |
[   13.241374] [[0;32m  OK  [0m] Started Initial cloud-init job (metadata service crawler).
[[0;32m  OK  [0m] Reached target Cloud-config availability.
[[0;32m  OK  [0m] Reached target Network is Online.
cloud-init[[0;32m  OK  [0m] Reached target Remote File Systems (Pre).
[[0;32m  OK  [0m] Reached target Remote File Systems.
         Starting Availability of block devices...
[[0;32m  OK  [0m] Reached target System Initialization.
[[0;32m  OK  [0m] Started Daily Cleanup of Temporary Directories.
[[0;32m  OK  [0m] Started Discard unused blocks once a week.
[[0;32m  OK  [0m] Started Ubuntu Advantage Timer for running repeated jobs.
[793]: |                 |
[   13.249681] cloud-init[793]: |                 |
[   13.250386] cloud-init[793]: +----[SHA256]-----+
[[0;32m  OK  [0m] Started ACPI Events Check.
[[0;32m  OK  [0m] Listening on UUID daemon activation socket.
         Starting Socket activation for snappy daemon.
[[0;32m  OK  [0m] Listening on cloud-init hotplug hook socket.
[   13.254005] cloud-init[793]: Generating public/private ed25519 key pair.
[[0;32m  OK  [0m] Started Trigger to poll for Ubuntu …(Only enabled on GCP LTS non-pro).
[[0;32m  OK  [0m] Reached target Paths.
[[0;32m  OK  [0m] Listening on D-Bus System Message Bus Socket.
[[0;32m  OK  [0m] Started Daily apt download activities.
[[0;32m  OK  [0m] Started Daily apt upgrade and clean activities.
[[0;32m  OK  [0m] Listening on ACPID Listen Socket.
[[0;32m  OK  [0m] Started Message of the Day.
[[0;32m  OK  [0m] Reached target Timers.
[   13.281241] cloud-init         Starting LXD - unix socket.
[[0;32m  OK  [0m] Listening on Open-iSCSI iscsid Socket.
[793]: [[0;32m  OK  [0m] Started Availability of block devices.
[[0;32m  OK  [0m] Listening on Socket activation for snappy daemon.
[[0;32m  OK  [0m] Listening on LXD - unix socket.
[[0;32m  OK  [0m] Reached target Sockets.
[[0;32m  OK  [0m] Reached target Basic System.
Your identification has been saved in /etc/ssh/ssh_host_ed25519_key.[[0;32m  OK  [0m] Started Regular background program processing daemon.

[[0;32m  OK  [0m] Started FUSE filesystem for LXC.
[   13.297120] [[0;32m  OK  [0m] Started irqbalance daemon.
         Starting Pollinate to seed the pseudo random number generator...
         Starting Accounts Service...
cloud-init[793]: Your public key has been saved in /etc/ssh/ssh_host_ed25519_key.pub.
         Starting Dispatcher daemon for systemd-networkd...
[   13.302908] cloud-init[793]: The key fingerprint is:
         Starting LXD - container startup/shutdown...
[   13.306636] cloud-init[793]: SHA256:hU3wf/qDoiehdiJPSif9zOireG2deEmu1EVnjTpjqO8 root@ubuntu-bionic
[   13.317913] cloud-init[793]: The key's randomart image is:
[[0;32m  OK  [0m] Started Deferred execution scheduler.
[   13.320192] cloud-init[793]: +--[ED25519 256]--+
[[0;32m  OK  [0m] Started D-Bus System Message Bus.
[   13.322758] cloud-init[793]: |        ...      |
[   13.323592] cloud-init[793]: |         =   o   |
[   13.324779] cloud-init[793]: |        . = + .  |
[   13.325934] cloud-init[793]: |         + =     |
[   13.326752] cloud-init[793]: |        S * . .  |
[   13.328454] cloud-init[793]: |     . ooo o o   |
[   13.329371] cloud-init[793]: |    o.**.+  ..   |
[   13.330283] cloud-init[793]: |   oo*B*O o ...  |
[   13.341310] cloud-init[793]: |  ..oB*BE+ .  .. |
[   13.342286] cloud-init[793]: +----[SHA256]-----+
         Starting Virtualbox guest utils...
         Starting LSB: Record successful boot for GRUB...
         Starting System Logging Service...
         Starting Permit User Sessions...
         Starting LSB: automatic crash report generation...
         Starting Login Service...
         Starting Snap Daemon...
[[0;32m  OK  [0m] Started System Logging Service.
[[0;32m  OK  [0m] Started Permit User Sessions.
         Starting Terminate Plymouth Boot Screen...
         Starting Hold until boot process finishes up...
[[0;32m  OK  [0m] Started Hold until boot process finishes up.
         Starting Set console scheme...
[[0;32m  OK  [0m] Started Serial Getty on ttyS0.
[[0;32m  OK  [0m] Started Terminate Plymouth Boot Screen.
[[0;32m  OK  [0m] Started Set console scheme.
[[0;32m  OK  [0m] Started Login Service.
[[0;32m  OK  [0m] Started Unattended Upgrades Shutdown.
[[0;32m  OK  [0m] Created slice system-getty.slice.
[[0;32m  OK  [0m] Started Getty on tty1.
[[0;32m  OK  [0m] Reached target Login Prompts.
         Starting Authorization Manager...
[[0;32m  OK  [0m] Started LSB: automatic crash report generation.
[[0;32m  OK  [0m] Started LSB: Record successful boot for GRUB.
[[0;32m  OK  [0m] Started Virtualbox guest utils.
[[0;32m  OK  [0m] Started Authorization Manager.
[[0;32m  OK  [0m] Started Accounts Service.
[[0;32m  OK  [0m] Started LXD - container startup/shutdown.
[[0;32m  OK  [0m] Started Dispatcher daemon for systemd-networkd.
[[0;32m  OK  [0m] Started Snap Daemon.
         Starting Wait until snapd is fully seeded...
[[0;32m  OK  [0m] Started Wait until snapd is fully seeded.
         Starting Apply the settings specified in cloud-config...
[[0;32m  OK  [0m] Started Pollinate to seed the pseudo random number generator.
         Starting OpenBSD Secure Shell server...
[[0;32m  OK  [0m] Started OpenBSD Secure Shell server.
[[0;32m  OK  [0m] Reached target Multi-User System.
[[0;32m  OK  [0m] Reached target Graphical Interface.
         Starting Update UTMP about System Runlevel Changes...
[[0;32m  OK  [0m] Started Update UTMP about System Runlevel Changes.
[[0;32m  OK  [0m] Created slice User Slice of vagrant.
         Starting User Manager for UID 1000...
[[0;32m  OK  [0m] Started Session 1 of user vagrant.
[[0;32m  OK  [0m] Started User Manager for UID 1000.
[   17.414648] cloud-init[1222]: Cloud-init v. 21.4-0ubuntu1~18.04.1 running 'modules:config' at Mon, 07 Feb 2022 18:27:28 +0000. Up 16.79 seconds.
[[0;32m  OK  [0m] Started Apply the settings specified in cloud-config.
         Starting Execute cloud user/final scripts...
ci-info: no authorized SSH keys fingerprints found for user ubuntu.
<14>Feb  7 18:27:30 cloud-init: #############################################################
<14>Feb  7 18:27:30 cloud-init: -----BEGIN SSH HOST KEY FINGERPRINTS-----
<14>Feb  7 18:27:30 cloud-init: 1024 SHA256:xAxhMmD3NAGdAs9Ou+7SKBKAP4JZpIBE3K0iS+3ytFw root@ubuntu-bionic (DSA)
<14>Feb  7 18:27:30 cloud-init: 256 SHA256:M2NjWBdBfDDHJEh4c6y1wkoawAciEBEzqOGNxXm3hs8 root@ubuntu-bionic (ECDSA)
<14>Feb  7 18:27:30 cloud-init: 256 SHA256:hU3wf/qDoiehdiJPSif9zOireG2deEmu1EVnjTpjqO8 root@ubuntu-bionic (ED25519)
<14>Feb  7 18:27:30 cloud-init: 2048 SHA256:20KmNJI+xHmWBYPBDKCFww8uoUKkJ4ZI+XqnqFPbca4 root@ubuntu-bionic (RSA)
<14>Feb  7 18:27:30 cloud-init: -----END SSH HOST KEY FINGERPRINTS-----
<14>Feb  7 18:27:30 cloud-init: #############################################################
-----BEGIN SSH HOST KEY KEYS-----
ecdsa-sha2-nistp256 AAAAE2VjZHNhLXNoYTItbmlzdHAyNTYAAAAIbmlzdHAyNTYAAABBBKkYXsaa5BtCCcWE4Wynjw2LNcFyLcA1wPLyNgRWJ1jh7D85RHA0OPZyWkl28xM4bDNm5F7o/ciCke2dh/XBG48= root@ubuntu-bionic
ssh-ed25519 AAAAC3NzaC1lZDI1NTE5AAAAIDt12JgKKB3M1fOkK7En5ChxB/uklc5HSNHsXwZ/Dv1k root@ubuntu-bionic
ssh-rsa AAAAB3NzaC1yc2EAAAADAQABAAABAQC54Is1VPFzR5ve0gSk2nOpKj+aBFJcxmTkw4LtJHCbUF2dRDygBzhqlpKujTYp6x1ybyNqNR6Be3PUfxdNwCjZSHYvvUqWey6fmEBEl2Hv7IacKkVD2MBKcCRgVX49DeMYqXpB0qfZsrmcMoSm5GOLKfuB/4KYr11CLeIerbQsPOW3nXqo/BCW27qYin3vO5As8VhXHaxHx2Ay0MT+DqsIgw126sS+8NENNX+tvdcmV+NEVj+/vEG2C0K38hLT6lO0mnHL6jekHVqd7craqVgaBgO0bzlwkUPTMHmOq03cNIh1wEBcSn6uczCG6T5FSlInj9X2AknasEohGo+gWl59 root@ubuntu-bionic
-----END SSH HOST KEY KEYS-----
[   18.654482] cloud-init[1392]: Cloud-init v. 21.4-0ubuntu1~18.04.1 running 'modules:final' at Mon, 07 Feb 2022 18:27:29 +0000. Up 18.22 seconds.
[   18.656882] cloud-init[1392]: ci-info: no authorized SSH keys fingerprints found for user ubuntu.
[   18.658174] cloud-init[1392]: Cloud-init v. 21.4-0ubuntu1~18.04.1 finished at Mon, 07 Feb 2022 18:27:30 +0000. Datasource DataSourceNoCloud [seed=/dev/sdb][dsmode=net].  Up 18.64 seconds

Ubuntu 18.04.6 LTS ubuntu-bionic ttyS0

ubuntu-bionic login: 